
> uniapps-appkit@1.0.0 type-check
> tsc --noEmit

src/app/(admin)/identity/communication/page.tsx(85,9): error TS2353: Object literal may only specify known properties, and 'setting_type' does not exist in type '{ appId?: string | undefined; key?: string | undefined; value?: any; setting_key?: string | undefined; setting_value?: any; }'.
src/app/(admin)/navigation/page.tsx(63,17): error TS2353: Object literal may only specify known properties, and 'setting_type' does not exist in type '{ appId?: string | undefined; key?: string | undefined; value?: any; setting_key?: string | undefined; setting_value?: any; }'.
src/components/common/DataCollectionView.tsx(503,35): error TS2339: Property 'url' does not exist on type '{ file: { url: string; filename: string; id: string; }; }'.
src/components/common/PagePreferences.tsx(285,27): error TS2353: Object literal may only specify known properties, and 'setting_type' does not exist in type '{ appId?: string | undefined; key?: string | undefined; value?: any; setting_key?: string | undefined; setting_value?: any; }'.
src/components/common/PagePreferences.tsx(317,27): error TS2353: Object literal may only specify known properties, and 'setting_type' does not exist in type '{ appId?: string | undefined; key?: string | undefined; value?: any; setting_key?: string | undefined; setting_value?: any; }'.
src/components/settings/PaymentMethodsTab.tsx(56,17): error TS2353: Object literal may only specify known properties, and 'category' does not exist in type '{ appId?: string | undefined; key?: string | undefined; value?: any; setting_key?: string | undefined; setting_value?: any; }'.
src/components/settings/TeamTab.tsx(28,17): error TS2353: Object literal may only specify known properties, and 'category' does not exist in type '{ appId?: string | undefined; key?: string | undefined; value?: any; setting_key?: string | undefined; setting_value?: any; }'.
src/components/settings/TermsPolicyTab.tsx(45,17): error TS2353: Object literal may only specify known properties, and 'category' does not exist in type '{ appId?: string | undefined; key?: string | undefined; value?: any; setting_key?: string | undefined; setting_value?: any; }'.
src/components/ui/ColorPickerPopover.tsx(559,117): error TS2339: Property 'mime_type' does not exist on type '{ url: string; filename: string; id: string; }'.
node.exe : npm error 
Lifecycle script 
`type-check` failed 
with error:
At line:1 char:1
+ & "C:\Program 
Files\nodejs/node.exe" 
"C:\Program 
Files\nodejs/node_mo 
...
+ ~~~~~~~~~~~~~~~~~~~~~
~~~~~~~~~~~~~~~~~~~~~~~
~~~~~~~~~~~~~~~~~~~~~~~
~~
    + CategoryInfo     
         : NotSpecifi  
  ed: (npm error Lif   
 ec...led with erro    
r::String) [], Rem    
oteException
    + FullyQualifiedEr 
   rorId : NativeComm  
  andError
 
npm error code 2
npm error path E:\GitCl
oneProject\boundary\app
kit
npm error workspace 
uniapps-appkit@1.0.0
npm error location E:\G
itCloneProject\boundary
\appkit
npm error command 
failed
npm error command C:\WI
NDOWS\system32\cmd.exe 
/d /s /c tsc --noEmit
