src/app/(admin)/collections/[slug]/page.tsx(71,44): error TS2339: Property 'data' does not exist on type 'never'.
src/app/(admin)/collections/[slug]/page.tsx(72,30): error TS2339: Property 'data' does not exist on type 'never'.
src/app/(admin)/engagement/page.tsx(42,33): error TS2551: Property 'upsertApplicationSetting' does not exist on type 'AdminService'. Did you mean 'getApplicationSettings'?
src/app/(admin)/identity/analytics/page.tsx(284,44): error TS2339: Property 'topLocations' does not exist on type 'UserAnalytics'.
src/app/(admin)/identity/analytics/page.tsx(284,70): error TS2339: Property 'topLocations' does not exist on type 'UserAnalytics'.
src/app/(admin)/identity/analytics/page.tsx(286,52): error TS2339: Property 'topLocations' does not exist on type 'UserAnalytics'.
src/app/(admin)/identity/analytics/page.tsx(286,82): error TS7006: Parameter 'loc' implicitly has an 'any' type.
src/app/(admin)/identity/analytics/page.tsx(286,87): error TS7006: Parameter 'idx' implicitly has an 'any' type.
src/app/(admin)/identity/authentication/page.tsx(118,32): error TS2551: Property 'upsertApplicationSetting' does not exist on type 'AdminService'. Did you mean 'getApplicationSettings'?
src/app/(admin)/identity/communication/page.tsx(82,26): error TS2551: Property 'upsertApplicationSetting' does not exist on type 'AdminService'. Did you mean 'getApplicationSettings'?
src/app/(admin)/identity/groups/page.tsx(151,45): error TS2339: Property 'getGlobalUsers' does not exist on type 'UserService'.
src/app/(admin)/identity/groups/page.tsx(152,43): error TS7006: Parameter 'u' implicitly has an 'any' type.
src/app/(admin)/identity/groups/page.tsx(159,46): error TS7006: Parameter 'u' implicitly has an 'any' type.
src/app/(admin)/identity/sessions/page.tsx(271,60): error TS2339: Property 'socialProvider' does not exist on type 'LoginHistoryEntry'.
src/app/(admin)/identity/sessions/page.tsx(271,89): error TS2339: Property 'socialProvider' does not exist on type 'LoginHistoryEntry'.
src/app/(admin)/navigation/page.tsx(60,32): error TS2551: Property 'upsertApplicationSetting' does not exist on type 'AdminService'. Did you mean 'getApplicationSettings'?
src/app/(admin)/settings/admin-users/page.tsx(53,23): error TS2345: Argument of type '{ users: AdminUser[]; pagination: any; }' is not assignable to parameter of type 'SetStateAction<AdminUser[]>'.
src/app/(admin)/settings/admin-users/page.tsx(157,54): error TS2367: This comparison appears to be unintentional because the types 'Role | undefined' and 'string' have no overlap.
src/app/(admin)/settings/admin-users/page.tsx(166,92): error TS2339: Property 'color' does not exist on type 'Role'.
src/app/(admin)/settings/admin-users/page.tsx(198,77): error TS2367: This comparison appears to be unintentional because the types 'string' and 'Role | undefined' have no overlap.
src/app/(admin)/settings/admin-users/page.tsx(199,72): error TS2345: Argument of type 'Role | undefined' is not assignable to parameter of type 'string'.
  Type 'undefined' is not assignable to type 'string'.
src/app/(admin)/settings/admin-users/page.tsx(199,97): error TS2339: Property 'color' does not exist on type 'Role'.
src/app/(admin)/settings/admin-users/page.tsx(362,84): error TS2339: Property 'description' does not exist on type 'Role'.
src/app/(admin)/settings/applications/[id]/page.tsx(35,38): error TS2339: Property 'applications' does not exist on type 'Application[]'.
src/app/(admin)/settings/applications/[id]/page.tsx(39,33): error TS2339: Property 'versions' does not exist on type 'any[]'.
src/app/(admin)/settings/applications/[id]/page.tsx(54,32): error TS2554: Expected 2 arguments, but got 1.
src/app/(admin)/settings/roles/page.tsx(103,46): error TS2339: Property 'permission_details' does not exist on type 'RoleWithPermissions'.
src/app/(admin)/settings/roles/page.tsx(103,70): error TS7006: Parameter 'p' implicitly has an 'any' type.
src/app/(admin)/settings/roles/page.tsx(104,36): error TS2345: Argument of type 'Set<unknown>' is not assignable to parameter of type 'SetStateAction<Set<string>>'.
  Type 'Set<unknown>' is not assignable to type 'Set<string>'.
    Type 'unknown' is not assignable to type 'string'.
src/app/(admin)/settings/roles/page.tsx(121,31): error TS2339: Property 'description' does not exist on type 'RoleWithPermissions'.
src/app/(admin)/settings/roles/page.tsx(122,25): error TS2339: Property 'color' does not exist on type 'RoleWithPermissions'.
src/app/(admin)/settings/roles/page.tsx(123,28): error TS2339: Property 'priority' does not exist on type 'RoleWithPermissions'.
src/app/(admin)/settings/roles/page.tsx(125,45): error TS2339: Property 'permission_details' does not exist on type 'RoleWithPermissions'.
src/app/(admin)/settings/roles/page.tsx(125,69): error TS7006: Parameter 'p' implicitly has an 'any' type.
src/app/(admin)/settings/roles/page.tsx(172,18): error TS2339: Property 'is_system' does not exist on type 'Role'.
src/app/(admin)/settings/roles/page.tsx(176,19): error TS2339: Property 'user_count' does not exist on type 'Role'.
src/app/(admin)/settings/roles/page.tsx(296,84): error TS2339: Property 'color' does not exist on type 'Role'.
src/app/(admin)/settings/roles/page.tsx(301,63): error TS2339: Property 'permission_count' does not exist on type 'Role'.
src/app/(admin)/settings/roles/page.tsx(301,106): error TS2339: Property 'user_count' does not exist on type 'Role'.
src/app/(admin)/settings/roles/page.tsx(305,51): error TS2339: Property 'is_system' does not exist on type 'Role'.
src/app/(admin)/settings/roles/page.tsx(327,84): error TS2339: Property 'color' does not exist on type 'RoleWithPermissions'.
src/app/(admin)/settings/roles/page.tsx(333,96): error TS2339: Property 'description' does not exist on type 'RoleWithPermissions'.
src/app/(admin)/settings/roles/page.tsx(344,56): error TS2339: Property 'is_system' does not exist on type 'RoleWithPermissions'.
src/app/(admin)/settings/roles/page.tsx(359,105): error TS2339: Property 'permission_count' does not exist on type 'RoleWithPermissions'.
src/app/(admin)/settings/roles/page.tsx(363,105): error TS2339: Property 'user_count' does not exist on type 'RoleWithPermissions'.
src/app/(admin)/settings/roles/page.tsx(367,105): error TS2339: Property 'priority' does not exist on type 'RoleWithPermissions'.
src/app/(admin)/settings/roles/page.tsx(380,58): error TS2339: Property 'permission_details' does not exist on type 'RoleWithPermissions'.
src/app/(admin)/settings/roles/page.tsx(380,83): error TS7006: Parameter 'pd' implicitly has an 'any' type.
src/app/(admin)/settings/roles/page.tsx(395,64): error TS2339: Property 'action' does not exist on type 'Permission'.
src/app/(admin)/settings/roles/page.tsx(444,60): error TS2339: Property 'is_system' does not exist on type 'RoleWithPermissions'.
src/app/(admin)/settings/roles/page.tsx(540,126): error TS2339: Property 'action' does not exist on type 'Permission'.
src/app/(admin)/settings/roles/page.tsx(541,75): error TS2339: Property 'description' does not exist on type 'Permission'.
src/app/(admin)/settings/roles/page.tsx(542,127): error TS2339: Property 'description' does not exist on type 'Permission'.
src/components/appearance/MiniDevicePreview.tsx(59,22): error TS2304: Cannot find name 'ReactNativeComponentBadge'.
src/components/common/AppearanceManager.tsx(27,38): error TS2307: Cannot find module '../ui/MobileComponentsDemo' or its corresponding type declarations.
src/components/common/AppearanceManager.tsx(399,41): error TS2551: Property 'upsertApplicationSetting' does not exist on type 'AdminService'. Did you mean 'getApplicationSettings'?
src/components/common/AppearanceManager.tsx(452,36): error TS2339: Property 'file' does not exist on type '{ url: string; filename: string; }'.
src/components/common/AppearanceManager.tsx(452,58): error TS2339: Property 'file' does not exist on type '{ url: string; filename: string; }'.
src/components/common/AppearanceManager.tsx(457,30): error TS2339: Property 'file' does not exist on type '{ url: string; filename: string; }'.
src/components/common/AppearanceManager.tsx(752,77): error TS2554: Expected 3 arguments, but got 2.
src/components/common/PagePreferences.tsx(278,35): error TS2551: Property 'upsertApplicationSetting' does not exist on type 'AdminService'. Did you mean 'getApplicationSettings'?
src/components/common/PagePreferences.tsx(314,35): error TS2551: Property 'upsertApplicationSetting' does not exist on type 'AdminService'. Did you mean 'getApplicationSettings'?
src/components/common/Safety.tsx(3,39): error TS2307: Cannot find module '../circles/CircleSafetyIncidents' or its corresponding type declarations.
src/components/identity/UserList.tsx(142,51): error TS2769: No overload matches this call.
  Overload 1 of 4, '(value: string | number | Date): Date', gave the following error.
    Argument of type 'string | undefined' is not assignable to parameter of type 'string | number | Date'.
      Type 'undefined' is not assignable to type 'string | number | Date'.
  Overload 2 of 4, '(value: string | number): Date', gave the following error.
    Argument of type 'string | undefined' is not assignable to parameter of type 'string | number'.
      Type 'undefined' is not assignable to type 'string | number'.
src/components/index.ts(8,15): error TS2307: Cannot find module './circles' or its corresponding type declarations.
src/components/index.ts(12,15): error TS2307: Cannot find module './social' or its corresponding type declarations.
src/components/settings/AdminUserDetailDrawer.tsx(128,49): error TS2367: This comparison appears to be unintentional because the types 'string' and 'Role | undefined' have no overlap.
src/components/settings/AdminUserDetailDrawer.tsx(146,57): error TS2367: This comparison appears to be unintentional because the types 'string' and 'Role | undefined' have no overlap.
src/components/settings/AdminUserDetailDrawer.tsx(187,49): error TS2367: This comparison appears to be unintentional because the types 'string' and 'Role | undefined' have no overlap.
src/components/settings/AdminUserDetailDrawer.tsx(284,78): error TS2345: Argument of type 'Role | undefined' is not assignable to parameter of type 'string'.
  Type 'undefined' is not assignable to type 'string'.
src/components/settings/AdminUserDetailDrawer.tsx(285,65): error TS2345: Argument of type 'Role | undefined' is not assignable to parameter of type 'string'.
  Type 'undefined' is not assignable to type 'string'.
src/components/settings/AdminUserDetailDrawer.tsx(289,54): error TS2339: Property 'replace' does not exist on type 'Role'.
src/components/settings/AdminUserDetailDrawer.tsx(359,48): error TS2339: Property 'lastLogin' does not exist on type 'AdminUser'.
src/components/settings/AdminUserDetailDrawer.tsx(366,69): error TS2339: Property 'lastLogin' does not exist on type 'AdminUser'.
src/components/settings/AdminUserDetailDrawer.tsx(409,98): error TS2339: Property 'is_system' does not exist on type 'Role'.
src/components/settings/AdminUserDetailDrawer.tsx(417,129): error TS2339: Property 'color' does not exist on type 'Role'.
src/components/settings/AdminUserDetailDrawer.tsx(423,104): error TS2339: Property 'permission_count' does not exist on type 'Role'.
src/components/settings/AdminUserDetailDrawer.tsx(449,99): error TS2339: Property 'color' does not exist on type 'Role'.
src/components/settings/AdminUserDetailDrawer.tsx(453,90): error TS2339: Property 'color' does not exist on type 'Role'.
src/components/settings/AdminUserDetailDrawer.tsx(461,75): error TS2339: Property 'is_system' does not exist on type 'Role'.
src/components/settings/AdminUserDetailDrawer.tsx(469,75): error TS2339: Property 'description' does not exist on type 'Role'.
src/components/settings/AdminUserDetailDrawer.tsx(474,67): error TS2339: Property 'permission_count' does not exist on type 'Role'.
src/components/settings/PaymentMethodsTab.tsx(53,33): error TS2551: Property 'upsertApplicationSetting' does not exist on type 'AdminService'. Did you mean 'getApplicationSettings'?
src/components/settings/RolesPermissions.tsx(33,17): error TS18048: 'role.permissions' is possibly 'undefined'.
src/components/settings/RolesPermissions.tsx(33,43): error TS2345: Argument of type 'string' is not assignable to parameter of type 'Permission'.
src/components/settings/RolesPermissions.tsx(34,32): error TS18048: 'role.permissions' is possibly 'undefined'.
src/components/settings/RolesPermissions.tsx(34,61): error TS2367: This comparison appears to be unintentional because the types 'Permission' and 'string' have no overlap.
src/components/settings/RolesPermissions.tsx(34,81): error TS2488: Type 'Permission[] | undefined' must have a '[Symbol.iterator]()' method that returns an iterator.
src/components/settings/RolesPermissions.tsx(63,130): error TS2339: Property 'action' does not exist on type 'Permission'.
src/components/settings/RolesPermissions.tsx(70,88): error TS2339: Property 'color' does not exist on type 'Role'.
src/components/settings/RolesPermissions.tsx(73,55): error TS18048: 'role.permissions' is possibly 'undefined'.
src/components/settings/RolesPermissions.tsx(73,81): error TS2345: Argument of type 'string' is not assignable to parameter of type 'Permission'.
src/components/settings/TeamTab.tsx(25,33): error TS2551: Property 'upsertApplicationSetting' does not exist on type 'AdminService'. Did you mean 'getApplicationSettings'?
src/components/settings/TermsPolicyTab.tsx(42,33): error TS2551: Property 'upsertApplicationSetting' does not exist on type 'AdminService'. Did you mean 'getApplicationSettings'?
src/components/ui/ColorPickerPopover.tsx(546,47): error TS2339: Property 'file' does not exist on type '{ url: string; filename: string; }'.
src/components/ui/ColorPickerPopover.tsx(653,48): error TS2339: Property 'file' does not exist on type '{ url: string; filename: string; }'.
src/components/ui/index.ts(20,29): error TS2307: Cannot find module './BottomSheet' or its corresponding type declarations.
src/components/ui/index.ts(21,38): error TS2307: Cannot find module './FloatingActionButton' or its corresponding type declarations.
src/components/ui/index.ts(23,31): error TS2307: Cannot find module './PullToRefresh' or its corresponding type declarations.
src/components/ui/index.ts(24,35): error TS2307: Cannot find module './SwipeableListItem' or its corresponding type declarations.
src/components/ui/index.ts(25,29): error TS2307: Cannot find module './ActionSheet' or its corresponding type declarations.
src/components/ui/index.ts(31,24): error TS2307: Cannot find module './Tabbar' or its corresponding type declarations.
src/components/users/AdminConsoleUsers.tsx(22,53): error TS2305: Module '"../../services/adminService"' has no exported member 'UserGroup'.
src/components/users/AdminConsoleUsers.tsx(71,16): error TS2345: Argument of type '{ users: AdminUser[]; pagination: any; }' is not assignable to parameter of type 'SetStateAction<AdminUser[]>'.
src/components/users/AdminConsoleUsers.tsx(74,21): error TS2345: Argument of type '{ groups: any[]; }' is not assignable to parameter of type 'SetStateAction<UserGroup[]>'.
src/components/users/AdminConsoleUsers.tsx(85,27): error TS18048: 'user.firstName' is possibly 'undefined'.
src/components/users/AdminConsoleUsers.tsx(86,26): error TS18048: 'user.lastName' is possibly 'undefined'.
src/components/users/AdminConsoleUsers.tsx(88,49): error TS2367: This comparison appears to be unintentional because the types 'Role | undefined' and 'string' have no overlap.
src/components/users/AdminConsoleUsers.tsx(112,7): error TS2322: Type 'string | undefined' is not assignable to type 'string'.
  Type 'undefined' is not assignable to type 'string'.
src/components/users/AdminConsoleUsers.tsx(113,7): error TS2322: Type 'string | undefined' is not assignable to type 'string'.
  Type 'undefined' is not assignable to type 'string'.
src/components/users/AdminConsoleUsers.tsx(115,19): error TS2339: Property 'phone' does not exist on type 'AdminUser'.
src/components/users/AdminConsoleUsers.tsx(116,7): error TS2322: Type 'Role | undefined' is not assignable to type 'string'.
  Type 'undefined' is not assignable to type 'string'.
src/components/users/AdminConsoleUsers.tsx(117,7): error TS2322: Type 'string | undefined' is not assignable to type 'string'.
  Type 'undefined' is not assignable to type 'string'.
src/components/users/AdminConsoleUsers.tsx(118,24): error TS2339: Property 'department' does not exist on type 'AdminUser'.
src/components/users/AdminConsoleUsers.tsx(119,25): error TS2339: Property 'permissions' does not exist on type 'AdminUser'.
src/components/users/AdminConsoleUsers.tsx(129,80): error TS2352: Conversion of type '{ firstName: string; lastName: string; email: string; phone: string; role: string; status: string; department: string; permissions: string[]; password: string; }' to type 'Partial<AdminUser>' may be a mistake because neither type sufficiently overlaps with the other. If this was intentional, convert the expression to 'unknown' first.
  Types of property 'role' are incompatible.
    Type 'string' is not comparable to type 'Role'.
src/components/users/AdminConsoleUsers.tsx(172,22): error TS2339: Property 'color' does not exist on type 'Role'.
src/components/users/AdminConsoleUsers.tsx(361,33): error TS2339: Property 'phone' does not exist on type 'AdminUser'.
src/components/users/AdminConsoleUsers.tsx(364,37): error TS2339: Property 'phone' does not exist on type 'AdminUser'.
src/components/users/AdminConsoleUsers.tsx(373,66): error TS2345: Argument of type 'Role | undefined' is not assignable to parameter of type 'string'.
  Type 'undefined' is not assignable to type 'string'.
src/components/users/AdminConsoleUsers.tsx(375,40): error TS2345: Argument of type 'Role | undefined' is not assignable to parameter of type 'string'.
  Type 'undefined' is not assignable to type 'string'.
src/components/users/AdminConsoleUsers.tsx(404,31): error TS2339: Property 'department' does not exist on type 'AdminUser'.
src/components/users/AdminConsoleUsers.tsx(407,31): error TS2339: Property 'lastLogin' does not exist on type 'AdminUser'.
src/components/users/AdminConsoleUsers.tsx(410,44): error TS2339: Property 'lastLogin' does not exist on type 'AdminUser'.
src/components/users/AdminConsoleUsers.tsx(472,52): error TS2339: Property 'color' does not exist on type 'Role'.
src/components/users/AdminConsoleUsers.tsx(477,23): error TS2339: Property 'is_system' does not exist on type 'Role'.
src/components/users/AdminConsoleUsers.tsx(482,63): error TS2339: Property 'description' does not exist on type 'Role'.
src/components/users/AdminConsoleUsers.tsx(487,20): error TS18048: 'role.permissions' is possibly 'undefined'.
src/components/users/AdminConsoleUsers.tsx(488,28): error TS2322: Type 'Permission' is not assignable to type 'Key | null | undefined'.
src/components/users/AdminConsoleUsers.tsx(489,23): error TS2322: Type 'Permission' is not assignable to type 'ReactNode'.
src/components/users/AdminConsoleUsers.tsx(500,24): error TS2339: Property 'is_system' does not exist on type 'Role'.
src/components/users/AdminConsoleUsers.tsx(552,43): error TS7006: Parameter 'permission' implicitly has an 'any' type.
src/components/users/UserManagement.tsx(25,24): error TS2305: Module '"../../services/adminService"' has no exported member 'Circle'.
src/components/users/UserManagement.tsx(388,9): error TS18048: 'user.firstName' is possibly 'undefined'.
src/components/users/UserManagement.tsx(389,9): error TS18048: 'user.lastName' is possibly 'undefined'.
src/components/users/UserManagement.tsx(486,7): error TS2322: Type 'string | undefined' is not assignable to type 'string'.
  Type 'undefined' is not assignable to type 'string'.
src/components/users/UserManagement.tsx(487,7): error TS2322: Type 'string | undefined' is not assignable to type 'string'.
  Type 'undefined' is not assignable to type 'string'.
src/components/users/UserManagement.tsx(489,19): error TS2339: Property 'phone' does not exist on type 'GlobalUser'.
src/components/users/UserManagement.tsx(508,7): error TS2322: Type 'string[] | undefined' is not assignable to type 'string[]'.
  Type 'undefined' is not assignable to type 'string[]'.
src/components/users/UserManagement.tsx(998,31): error TS2339: Property 'phone' does not exist on type 'GlobalUser'.
src/components/users/UserManagement.tsx(1001,35): error TS2339: Property 'phone' does not exist on type 'GlobalUser'.
src/components/users/UserManagement.tsx(1079,42): error TS2339: Property 'impersonateUser' does not exist on type 'AdminService'.
src/contexts/AppContext.tsx(89,35): error TS2339: Property 'applications' does not exist on type 'Application[]'.
