
> uniapps-appkit@1.0.0 type-check
> tsc --noEmit

src/app/(admin)/engagement/page.tsx(42,33): error TS2551: Property 'upsertApplicationSetting' does not exist on type 'AdminService'. Did you mean 'getApplicationSettings'?
src/app/(admin)/identity/authentication/page.tsx(118,32): error TS2551: Property 'upsertApplicationSetting' does not exist on type 'AdminService'. Did you mean 'getApplicationSettings'?
src/app/(admin)/identity/communication/page.tsx(82,26): error TS2551: Property 'upsertApplicationSetting' does not exist on type 'AdminService'. Did you mean 'getApplicationSettings'?
src/app/(admin)/navigation/page.tsx(60,32): error TS2551: Property 'upsertApplicationSetting' does not exist on type 'AdminService'. Did you mean 'getApplicationSettings'?
src/components/common/AppearanceManager.tsx(27,38): error TS2307: Cannot find module '../ui/MobileComponentsDemo' or its corresponding type declarations.
src/components/common/AppearanceManager.tsx(399,41): error TS2551: Property 'upsertApplicationSetting' does not exist on type 'AdminService'. Did you mean 'getApplicationSettings'?
src/components/common/AppearanceManager.tsx(452,36): error TS2339: Property 'file' does not exist on type '{ url: string; filename: string; }'.
src/components/common/AppearanceManager.tsx(452,58): error TS2339: Property 'file' does not exist on type '{ url: string; filename: string; }'.
src/components/common/AppearanceManager.tsx(457,30): error TS2339: Property 'file' does not exist on type '{ url: string; filename: string; }'.
src/components/common/AppearanceManager.tsx(752,77): error TS2554: Expected 3 arguments, but got 2.
src/components/common/PagePreferences.tsx(278,35): error TS2551: Property 'upsertApplicationSetting' does not exist on type 'AdminService'. Did you mean 'getApplicationSettings'?
src/components/common/PagePreferences.tsx(314,35): error TS2551: Property 'upsertApplicationSetting' does not exist on type 'AdminService'. Did you mean 'getApplicationSettings'?
src/components/common/Safety.tsx(3,39): error TS2307: Cannot find module '../circles/CircleSafetyIncidents' or its corresponding type declarations.
src/components/identity/UserList.tsx(142,51): error TS2769: No overload matches this call.
  Overload 1 of 4, '(value: string | number | Date): Date', gave the following error.
    Argument of type 'string | undefined' is not assignable to parameter of type 'string | number | Date'.
      Type 'undefined' is not assignable to type 'string | number | Date'.
  Overload 2 of 4, '(value: string | number): Date', gave the following error.
    Argument of type 'string | undefined' is not assignable to parameter of type 'string | number'.
      Type 'undefined' is not assignable to type 'string | number'.
src/components/index.ts(8,15): error TS2307: Cannot find module './circles' or its corresponding type declarations.
src/components/index.ts(12,15): error TS2307: Cannot find module './social' or its corresponding type declarations.
src/components/settings/PaymentMethodsTab.tsx(53,33): error TS2551: Property 'upsertApplicationSetting' does not exist on type 'AdminService'. Did you mean 'getApplicationSettings'?
src/components/settings/TeamTab.tsx(25,33): error TS2551: Property 'upsertApplicationSetting' does not exist on type 'AdminService'. Did you mean 'getApplicationSettings'?
src/components/settings/TermsPolicyTab.tsx(42,33): error TS2551: Property 'upsertApplicationSetting' does not exist on type 'AdminService'. Did you mean 'getApplicationSettings'?
src/components/ui/ColorPickerPopover.tsx(546,47): error TS2339: Property 'file' does not exist on type '{ url: string; filename: string; }'.
src/components/ui/ColorPickerPopover.tsx(653,48): error TS2339: Property 'file' does not exist on type '{ url: string; filename: string; }'.
src/components/ui/index.ts(20,29): error TS2307: Cannot find module './BottomSheet' or its corresponding type declarations.
src/components/ui/index.ts(21,38): error TS2307: Cannot find module './FloatingActionButton' or its corresponding type declarations.
src/components/ui/index.ts(23,31): error TS2307: Cannot find module './PullToRefresh' or its corresponding type declarations.
src/components/ui/index.ts(24,35): error TS2307: Cannot find module './SwipeableListItem' or its corresponding type declarations.
src/components/ui/index.ts(25,29): error TS2307: Cannot find module './ActionSheet' or its corresponding type declarations.
src/components/ui/index.ts(31,24): error TS2307: Cannot find module './Tabbar' or its corresponding type declarations.
node.exe : npm error 
Lifecycle script 
`type-check` failed 
with error:
At line:1 char:1
+ & "C:\Program 
Files\nodejs/node.exe" 
"C:\Program 
Files\nodejs/node_mo 
...
+ ~~~~~~~~~~~~~~~~~~~~~
~~~~~~~~~~~~~~~~~~~~~~~
~~~~~~~~~~~~~~~~~~~~~~~
~~
    + CategoryInfo     
         : NotSpecifi  
  ed: (npm error Lif   
 ec...led with erro    
r::String) [], Rem    
oteException
    + FullyQualifiedEr 
   rorId : NativeComm  
  andError
 
npm error code 2
npm error path E:\GitCl
oneProject\boundary\app
kit
npm error workspace 
uniapps-appkit@1.0.0
npm error location E:\G
itCloneProject\boundary
\appkit
npm error command 
failed
npm error command C:\WI
NDOWS\system32\cmd.exe 
/d /s /c tsc --noEmit
