src/app/api/v1/cms/versions/pages/[pageId]/versions/[versionId]/restore/route.ts(1,3): error TS1443: Module declaration names may only use ' or " quoted strings.
src/app/api/v1/cms/versions/pages/[pageId]/versions/[versionId]/restore/route.ts(45,48): error TS1434: Unexpected keyword or identifier.
src/app/api/v1/cms/versions/pages/[pageId]/versions/[versionId]/restore/route.ts(45,57): error TS1434: Unexpected keyword or identifier.
src/app/api/v1/cms/versions/pages/[pageId]/versions/[versionId]/restore/route.ts(45,62): error TS1434: Unexpected keyword or identifier.
src/app/api/v1/cms/versions/pages/[pageId]/versions/[versionId]/restore/route.ts(45,70): error TS1434: Unexpected keyword or identifier.
src/app/api/v1/cms/versions/pages/[pageId]/versions/[versionId]/restore/route.ts(45,103): error TS1128: Declaration or statement expected.
src/app/api/v1/cms/versions/pages/[pageId]/versions/[versionId]/restore/route.ts(45,105): error TS1434: Unexpected keyword or identifier.
src/app/api/v1/cms/versions/pages/[pageId]/versions/[versionId]/restore/route.ts(58,1): error TS1160: Unterminated template literal.
