src/app/(admin)/collections/[slug]/page.tsx(29,47): error TS2551: Property 'getEntityType' does not exist on type 'AdminService'. Did you mean 'getEntityTypes'?
src/app/(admin)/collections/[slug]/page.tsx(63,45): error TS2339: Property 'getEntities' does not exist on type 'AdminService'.
src/app/(admin)/collections/[slug]/page.tsx(122,32): error TS2551: Property 'deleteEntity' does not exist on type 'AdminService'. Did you mean 'deleteEntityType'?
src/app/(admin)/collections/[slug]/page.tsx(133,36): error TS2551: Property 'updateEntity' does not exist on type 'AdminService'. Did you mean 'updateEntityType'?
src/app/(admin)/collections/[slug]/page.tsx(135,36): error TS2339: Property 'createEntity' does not exist on type 'AdminService'.
src/app/(admin)/collections/[slug]/page.tsx(153,62): error TS2551: Property 'getEntityType' does not exist on type 'AdminService'. Did you mean 'getEntityTypes'?
src/app/(admin)/collections/[slug]/page.tsx(199,86): error TS2551: Property 'getEntityType' does not exist on type 'AdminService'. Did you mean 'getEntityTypes'?
src/app/(admin)/collections/schema/[id]/page.tsx(26,51): error TS2551: Property 'getEntityType' does not exist on type 'AdminService'. Did you mean 'getEntityTypes'?
src/app/(admin)/collections/schema/new/page.tsx(14,28): error TS2551: Property 'createEntityType' does not exist on type 'AdminService'. Did you mean 'getEntityTypes'?
src/app/(admin)/identity/analytics/page.tsx(284,44): error TS2339: Property 'topLocations' does not exist on type 'UserAnalytics'.
src/app/(admin)/identity/analytics/page.tsx(284,70): error TS2339: Property 'topLocations' does not exist on type 'UserAnalytics'.
src/app/(admin)/identity/analytics/page.tsx(286,52): error TS2339: Property 'topLocations' does not exist on type 'UserAnalytics'.
src/app/(admin)/identity/analytics/page.tsx(286,82): error TS7006: Parameter 'loc' implicitly has an 'any' type.
src/app/(admin)/identity/analytics/page.tsx(286,87): error TS7006: Parameter 'idx' implicitly has an 'any' type.
src/app/(admin)/identity/sessions/page.tsx(271,60): error TS2339: Property 'socialProvider' does not exist on type 'LoginHistoryEntry'.
src/app/(admin)/identity/sessions/page.tsx(271,89): error TS2339: Property 'socialProvider' does not exist on type 'LoginHistoryEntry'.
src/app/(admin)/settings/admin-users/page.tsx(4,35): error TS2305: Module '"../../../../services/adminService"' has no exported member 'Role'.
src/app/(admin)/settings/admin-users/page.tsx(50,30): error TS2339: Property 'getAdminUsers' does not exist on type 'AdminService'.
src/app/(admin)/settings/admin-users/page.tsx(51,30): error TS2339: Property 'getRoles' does not exist on type 'AdminService'.
src/app/(admin)/settings/admin-users/page.tsx(69,32): error TS2339: Property 'createAdminUser' does not exist on type 'AdminService'.
src/app/(admin)/settings/admin-users/page.tsx(100,32): error TS2339: Property 'assignRoleToUser' does not exist on type 'AdminService'.
src/app/(admin)/settings/admin-users/page.tsx(113,32): error TS2339: Property 'deleteAdminUser' does not exist on type 'AdminService'.
src/app/(admin)/settings/admin-users/page.tsx(157,56): error TS2339: Property 'role' does not exist on type 'AdminUser'.
src/app/(admin)/settings/admin-users/page.tsx(198,94): error TS2339: Property 'role' does not exist on type 'AdminUser'.
src/app/(admin)/settings/admin-users/page.tsx(199,78): error TS2339: Property 'role' does not exist on type 'AdminUser'.
src/app/(admin)/settings/admin-users/page.tsx(211,68): error TS2339: Property 'avatar' does not exist on type 'AdminUser'.
src/app/(admin)/settings/admin-users/page.tsx(212,81): error TS2339: Property 'avatar' does not exist on type 'AdminUser'.
src/app/(admin)/settings/admin-users/page.tsx(252,63): error TS2339: Property 'status' does not exist on type 'AdminUser'.
src/app/(admin)/settings/admin-users/page.tsx(254,69): error TS2339: Property 'status' does not exist on type 'AdminUser'.
src/app/(admin)/settings/admin-users/page.tsx(259,67): error TS2339: Property 'status' does not exist on type 'AdminUser'.
src/app/(admin)/settings/admin-users/page.tsx(261,73): error TS2339: Property 'status' does not exist on type 'AdminUser'.
src/app/(admin)/settings/admin-users/page.tsx(265,64): error TS2339: Property 'status' does not exist on type 'AdminUser'.
src/app/(admin)/settings/admin-users/page.tsx(272,64): error TS2339: Property 'createdAt' does not exist on type 'AdminUser'.
src/app/(admin)/settings/admin-users/page.tsx(272,91): error TS2339: Property 'createdAt' does not exist on type 'AdminUser'.
src/app/(admin)/settings/applications/[id]/page.tsx(35,38): error TS2339: Property 'applications' does not exist on type 'Application[]'.
src/app/(admin)/settings/applications/[id]/page.tsx(38,48): error TS2551: Property 'getApplicationVersions' does not exist on type 'AdminService'. Did you mean 'getApplications'?
src/app/(admin)/settings/applications/[id]/page.tsx(54,32): error TS2551: Property 'createApplicationVersion' does not exist on type 'AdminService'. Did you mean 'createApplication'?
src/app/(admin)/settings/applications/[id]/page.tsx(65,32): error TS2339: Property 'publishApplicationVersion' does not exist on type 'AdminService'.
src/app/(admin)/settings/roles/page.tsx(4,24): error TS2305: Module '"../../../../services/adminService"' has no exported member 'Role'.
src/app/(admin)/settings/roles/page.tsx(4,30): error TS2305: Module '"../../../../services/adminService"' has no exported member 'Permission'.
src/app/(admin)/settings/roles/page.tsx(4,42): error TS2305: Module '"../../../../services/adminService"' has no exported member 'PermissionsByModule'.
src/app/(admin)/settings/roles/page.tsx(4,63): error TS2305: Module '"../../../../services/adminService"' has no exported member 'RoleWithPermissions'.
src/app/(admin)/settings/roles/page.tsx(79,30): error TS2339: Property 'getRoles' does not exist on type 'AdminService'.
src/app/(admin)/settings/roles/page.tsx(80,30): error TS2339: Property 'getPermissionsGrouped' does not exist on type 'AdminService'.
src/app/(admin)/settings/roles/page.tsx(100,49): error TS2339: Property 'getRole' does not exist on type 'AdminService'.
src/app/(admin)/settings/roles/page.tsx(103,70): error TS7006: Parameter 'p' implicitly has an 'any' type.
src/app/(admin)/settings/roles/page.tsx(104,36): error TS2345: Argument of type 'Set<unknown>' is not assignable to parameter of type 'SetStateAction<Set<string>>'.
  Type 'Set<unknown>' is not assignable to type 'Set<string>'.
    Type 'unknown' is not assignable to type 'string'.
src/app/(admin)/settings/roles/page.tsx(125,69): error TS7006: Parameter 'p' implicitly has an 'any' type.
src/app/(admin)/settings/roles/page.tsx(140,36): error TS2339: Property 'updateRole' does not exist on type 'AdminService'.
src/app/(admin)/settings/roles/page.tsx(149,36): error TS2339: Property 'createRole' does not exist on type 'AdminService'.
src/app/(admin)/settings/roles/page.tsx(183,32): error TS2339: Property 'deleteRole' does not exist on type 'AdminService'.
src/app/(admin)/settings/roles/page.tsx(222,33): error TS7006: Parameter 'p' implicitly has an 'any' type.
src/app/(admin)/settings/roles/page.tsx(231,33): error TS7006: Parameter 'p' implicitly has an 'any' type.
src/app/(admin)/settings/roles/page.tsx(238,34): error TS7006: Parameter 'p' implicitly has an 'any' type.
src/app/(admin)/settings/roles/page.tsx(243,33): error TS7006: Parameter 'p' implicitly has an 'any' type.
src/app/(admin)/settings/roles/page.tsx(379,63): error TS18046: 'perms' is of type 'unknown'.
src/app/(admin)/settings/roles/page.tsx(379,76): error TS7006: Parameter 'p' implicitly has an 'any' type.
src/app/(admin)/settings/roles/page.tsx(380,83): error TS7006: Parameter 'pd' implicitly has an 'any' type.
src/app/(admin)/settings/roles/page.tsx(390,72): error TS7006: Parameter 'p' implicitly has an 'any' type.
src/app/(admin)/settings/roles/page.tsx(524,58): error TS18046: 'perms' is of type 'unknown'.
src/app/(admin)/settings/roles/page.tsx(524,68): error TS7006: Parameter 'perm' implicitly has an 'any' type.
src/app/(admin)/styles/page.tsx(37,45): error TS2339: Property 'getComponentStudioSidebar' does not exist on type 'AdminService'.
src/app/(admin)/styles/page.tsx(64,49): error TS2339: Property 'createComponentStyle' does not exist on type 'AdminService'.
src/app/(admin)/styles/page.tsx(106,36): error TS2339: Property 'updateComponentStyle' does not exist on type 'AdminService'.
src/app/(admin)/styles/page.tsx(130,36): error TS2339: Property 'updateComponentStyle' does not exist on type 'AdminService'.
src/app/(admin)/styles/page.tsx(141,32): error TS2339: Property 'duplicateComponentStyle' does not exist on type 'AdminService'.
src/app/api/v1/admin/applications/route.ts(17,24): error TS18048: 'auth.admin' is possibly 'undefined'.
src/app/api/v1/admin/applications/route.ts(18,23): error TS18048: 'auth.admin' is possibly 'undefined'.
src/app/api/v1/admin/applications/route.ts(18,45): error TS18048: 'auth.admin' is possibly 'undefined'.
src/app/api/v1/admin/applications/route.ts(50,24): error TS18048: 'auth.admin' is possibly 'undefined'.
src/app/api/v1/admin/applications/route.ts(52,22): error TS18048: 'auth.admin' is possibly 'undefined'.
src/app/api/v1/admin/applications/route.ts(56,20): error TS18048: 'auth.admin' is possibly 'undefined'.
src/app/api/v1/auth/me/route.ts(12,20): error TS18048: 'auth.admin' is possibly 'undefined'.
src/app/api/v1/auth/me/route.ts(12,42): error TS18048: 'auth.admin' is possibly 'undefined'.
src/app/api/v1/auth/me/route.ts(27,20): error TS18048: 'auth.admin' is possibly 'undefined'.
src/app/api/v1/auth/me/route.ts(45,23): error TS18048: 'auth.admin' is possibly 'undefined'.
src/app/api/v1/auth/me/route.ts(45,45): error TS18048: 'auth.admin' is possibly 'undefined'.
src/app/api/v1/cms/dynamic-content/templates/[id]/create/route.ts(34,7): error TS18048: 'auth.admin' is possibly 'undefined'.
src/app/api/v1/cms/dynamic-content/templates/[id]/create/route.ts(34,29): error TS18048: 'auth.admin' is possibly 'undefined'.
src/app/api/v1/cms/versions/pages/[pageId]/auto-save/route.ts(48,19): error TS18048: 'auth.admin' is possibly 'undefined'.
src/app/api/v1/cms/versions/pages/[pageId]/auto-save/route.ts(48,36): error TS18048: 'auth.admin' is possibly 'undefined'.
src/app/api/v1/cms/versions/pages/[pageId]/versions/route.ts(63,19): error TS18048: 'auth.admin' is possibly 'undefined'.
src/app/api/v1/cms/versions/pages/[pageId]/versions/route.ts(63,36): error TS18048: 'auth.admin' is possibly 'undefined'.
src/components/appearance/MiniDevicePreview.tsx(59,22): error TS2304: Cannot find name 'ReactNativeComponentBadge'.
src/components/common/AppearanceManager.tsx(27,38): error TS2307: Cannot find module '../ui/MobileComponentsDemo' or its corresponding type declarations.
src/components/common/AppearanceManager.tsx(452,36): error TS2339: Property 'file' does not exist on type '{ url: string; filename: string; }'.
src/components/common/AppearanceManager.tsx(452,58): error TS2339: Property 'file' does not exist on type '{ url: string; filename: string; }'.
src/components/common/AppearanceManager.tsx(457,30): error TS2339: Property 'file' does not exist on type '{ url: string; filename: string; }'.
src/components/common/AppearanceManager.tsx(752,77): error TS2339: Property 'uploadBrandingAsset' does not exist on type 'AdminService'.
src/components/common/PagePreferences.tsx(289,27): error TS2353: Object literal may only specify known properties, and 'is_editable' does not exist in type '{ setting_key: string; setting_value: any; setting_type?: string | undefined; category?: string | undefined; description?: string | undefined; is_public?: boolean | undefined; application_id?: string | undefined; }'.
src/components/common/PagePreferences.tsx(321,27): error TS2353: Object literal may only specify known properties, and 'is_editable' does not exist in type '{ setting_key: string; setting_value: any; setting_type?: string | undefined; category?: string | undefined; description?: string | undefined; is_public?: boolean | undefined; application_id?: string | undefined; }'.
src/components/common/Safety.tsx(3,39): error TS2307: Cannot find module '../circles/CircleSafetyIncidents' or its corresponding type declarations.
src/components/identity/UserList.tsx(142,51): error TS2769: No overload matches this call.
  Overload 1 of 4, '(value: string | number | Date): Date', gave the following error.
    Argument of type 'string | undefined' is not assignable to parameter of type 'string | number | Date'.
      Type 'undefined' is not assignable to type 'string | number | Date'.
  Overload 2 of 4, '(value: string | number): Date', gave the following error.
    Argument of type 'string | undefined' is not assignable to parameter of type 'string | number'.
      Type 'undefined' is not assignable to type 'string | number'.
src/components/index.ts(8,15): error TS2307: Cannot find module './circles' or its corresponding type declarations.
src/components/index.ts(12,15): error TS2307: Cannot find module './social' or its corresponding type declarations.
src/components/settings/AdminUserDetailDrawer.tsx(4,35): error TS2305: Module '"../../services/adminService"' has no exported member 'Role'.
src/components/settings/AdminUserDetailDrawer.tsx(120,45): error TS2339: Property 'getAdminUser' does not exist on type 'AdminService'.
src/components/settings/AdminUserDetailDrawer.tsx(142,50): error TS2339: Property 'getRoles' does not exist on type 'AdminService'.
src/components/settings/AdminUserDetailDrawer.tsx(146,52): error TS7006: Parameter 'r' implicitly has an 'any' type.
src/components/settings/AdminUserDetailDrawer.tsx(146,74): error TS2339: Property 'role' does not exist on type 'AdminUser'.
src/components/settings/AdminUserDetailDrawer.tsx(180,32): error TS2339: Property 'updateAdminUser' does not exist on type 'AdminService'.
src/components/settings/AdminUserDetailDrawer.tsx(187,66): error TS2339: Property 'role' does not exist on type 'AdminUser'.
src/components/settings/AdminUserDetailDrawer.tsx(189,36): error TS2339: Property 'assignRoleToUser' does not exist on type 'AdminService'.
src/components/settings/AdminUserDetailDrawer.tsx(205,32): error TS2339: Property 'assignRoleToUser' does not exist on type 'AdminService'.
src/components/settings/AdminUserDetailDrawer.tsx(263,44): error TS2339: Property 'avatar' does not exist on type 'AdminUser'.
src/components/settings/AdminUserDetailDrawer.tsx(264,57): error TS2339: Property 'avatar' does not exist on type 'AdminUser'.
src/components/settings/AdminUserDetailDrawer.tsx(278,59): error TS2339: Property 'status' does not exist on type 'AdminUser'.
src/components/settings/AdminUserDetailDrawer.tsx(278,99): error TS2339: Property 'status' does not exist on type 'AdminUser'.
src/components/settings/AdminUserDetailDrawer.tsx(279,48): error TS2339: Property 'status' does not exist on type 'AdminUser'.
src/components/settings/AdminUserDetailDrawer.tsx(284,84): error TS2339: Property 'role' does not exist on type 'AdminUser'.
src/components/settings/AdminUserDetailDrawer.tsx(285,71): error TS2339: Property 'role' does not exist on type 'AdminUser'.
src/components/settings/AdminUserDetailDrawer.tsx(289,48): error TS2339: Property 'role' does not exist on type 'AdminUser'.
src/components/settings/AdminUserDetailDrawer.tsx(292,57): error TS2339: Property 'createdAt' does not exist on type 'AdminUser'.
src/components/settings/AdminUserDetailDrawer.tsx(292,84): error TS2339: Property 'createdAt' does not exist on type 'AdminUser'.
src/components/settings/AdminUserDetailDrawer.tsx(359,48): error TS2339: Property 'lastLogin' does not exist on type 'AdminUser'.
src/components/settings/AdminUserDetailDrawer.tsx(366,69): error TS2339: Property 'lastLogin' does not exist on type 'AdminUser'.
src/components/settings/RolesPermissions.tsx(4,24): error TS2305: Module '"../../services/adminService"' has no exported member 'Role'.
src/components/settings/RolesPermissions.tsx(4,30): error TS2305: Module '"../../services/adminService"' has no exported member 'Permission'.
src/components/settings/RolesPermissions.tsx(15,56): error TS2339: Property 'getRoles' does not exist on type 'AdminService'.
src/components/settings/RolesPermissions.tsx(15,81): error TS2551: Property 'getPermissions' does not exist on type 'AdminService'. Did you mean 'getUserPermissions'?
src/components/settings/RolesPermissions.tsx(28,37): error TS2339: Property 'createRole' does not exist on type 'AdminService'.
src/components/settings/RolesPermissions.tsx(34,56): error TS7006: Parameter 'p' implicitly has an 'any' type.
src/components/settings/RolesPermissions.tsx(35,38): error TS2339: Property 'updateRole' does not exist on type 'AdminService'.
src/components/ui/ColorPickerPopover.tsx(546,47): error TS2339: Property 'file' does not exist on type '{ url: string; filename: string; }'.
src/components/ui/ColorPickerPopover.tsx(653,48): error TS2339: Property 'file' does not exist on type '{ url: string; filename: string; }'.
src/components/ui/index.ts(20,29): error TS2307: Cannot find module './BottomSheet' or its corresponding type declarations.
src/components/ui/index.ts(21,38): error TS2307: Cannot find module './FloatingActionButton' or its corresponding type declarations.
src/components/ui/index.ts(23,31): error TS2307: Cannot find module './PullToRefresh' or its corresponding type declarations.
src/components/ui/index.ts(24,35): error TS2307: Cannot find module './SwipeableListItem' or its corresponding type declarations.
src/components/ui/index.ts(25,29): error TS2307: Cannot find module './ActionSheet' or its corresponding type declarations.
src/components/ui/index.ts(31,24): error TS2307: Cannot find module './Tabbar' or its corresponding type declarations.
src/components/users/AdminConsoleUsers.tsx(22,35): error TS2305: Module '"../../services/adminService"' has no exported member 'Role'.
src/components/users/AdminConsoleUsers.tsx(22,41): error TS2305: Module '"../../services/adminService"' has no exported member 'Permission'.
src/components/users/AdminConsoleUsers.tsx(22,53): error TS2305: Module '"../../services/adminService"' has no exported member 'UserGroup'.
src/components/users/AdminConsoleUsers.tsx(65,22): error TS2339: Property 'getAdminUsers' does not exist on type 'AdminService'.
src/components/users/AdminConsoleUsers.tsx(66,22): error TS2339: Property 'getRoles' does not exist on type 'AdminService'.
src/components/users/AdminConsoleUsers.tsx(67,22): error TS2551: Property 'getPermissions' does not exist on type 'AdminService'. Did you mean 'getUserPermissions'?
src/components/users/AdminConsoleUsers.tsx(68,22): error TS2339: Property 'getUserGroups' does not exist on type 'AdminService'.
src/components/users/AdminConsoleUsers.tsx(88,54): error TS2339: Property 'role' does not exist on type 'AdminUser'.
src/components/users/AdminConsoleUsers.tsx(89,58): error TS2339: Property 'status' does not exist on type 'AdminUser'.
src/components/users/AdminConsoleUsers.tsx(115,19): error TS2339: Property 'phone' does not exist on type 'AdminUser'.
src/components/users/AdminConsoleUsers.tsx(116,18): error TS2339: Property 'role' does not exist on type 'AdminUser'.
src/components/users/AdminConsoleUsers.tsx(117,20): error TS2339: Property 'status' does not exist on type 'AdminUser'.
src/components/users/AdminConsoleUsers.tsx(118,24): error TS2339: Property 'department' does not exist on type 'AdminUser'.
src/components/users/AdminConsoleUsers.tsx(119,25): error TS2339: Property 'permissions' does not exist on type 'AdminUser'.
src/components/users/AdminConsoleUsers.tsx(129,48): error TS2339: Property 'updateAdminUser' does not exist on type 'AdminService'.
src/components/users/AdminConsoleUsers.tsx(135,44): error TS2339: Property 'createAdminUser' does not exist on type 'AdminService'.
src/components/users/AdminConsoleUsers.tsx(149,28): error TS2339: Property 'deleteAdminUser' does not exist on type 'AdminService'.
src/components/users/AdminConsoleUsers.tsx(160,46): error TS2339: Property 'updateAdminUserStatus' does not exist on type 'AdminService'.
src/components/users/AdminConsoleUsers.tsx(214,46): error TS2339: Property 'status' does not exist on type 'AdminUser'.
src/components/users/AdminConsoleUsers.tsx(229,46): error TS2339: Property 'status' does not exist on type 'AdminUser'.
src/components/users/AdminConsoleUsers.tsx(244,46): error TS2339: Property 'isVerified' does not exist on type 'AdminUser'.
src/components/users/AdminConsoleUsers.tsx(331,37): error TS2339: Property 'avatar' does not exist on type 'AdminUser'.
src/components/users/AdminConsoleUsers.tsx(332,48): error TS2339: Property 'avatar' does not exist on type 'AdminUser'.
src/components/users/AdminConsoleUsers.tsx(343,37): error TS2339: Property 'isVerified' does not exist on type 'AdminUser'.
src/components/users/AdminConsoleUsers.tsx(361,33): error TS2339: Property 'phone' does not exist on type 'AdminUser'.
src/components/users/AdminConsoleUsers.tsx(364,37): error TS2339: Property 'phone' does not exist on type 'AdminUser'.
src/components/users/AdminConsoleUsers.tsx(373,71): error TS2339: Property 'role' does not exist on type 'AdminUser'.
src/components/users/AdminConsoleUsers.tsx(375,45): error TS2339: Property 'role' does not exist on type 'AdminUser'.
src/components/users/AdminConsoleUsers.tsx(382,36): error TS2339: Property 'status' does not exist on type 'AdminUser'.
src/components/users/AdminConsoleUsers.tsx(383,36): error TS2339: Property 'status' does not exist on type 'AdminUser'.
src/components/users/AdminConsoleUsers.tsx(384,36): error TS2339: Property 'status' does not exist on type 'AdminUser'.
src/components/users/AdminConsoleUsers.tsx(389,35): error TS2339: Property 'status' does not exist on type 'AdminUser'.
src/components/users/AdminConsoleUsers.tsx(392,41): error TS2339: Property 'status' does not exist on type 'AdminUser'.
src/components/users/AdminConsoleUsers.tsx(404,31): error TS2339: Property 'department' does not exist on type 'AdminUser'.
src/components/users/AdminConsoleUsers.tsx(407,31): error TS2339: Property 'lastLogin' does not exist on type 'AdminUser'.
src/components/users/AdminConsoleUsers.tsx(410,44): error TS2339: Property 'lastLogin' does not exist on type 'AdminUser'.
src/components/users/AdminConsoleUsers.tsx(487,42): error TS7006: Parameter 'permission' implicitly has an 'any' type.
src/components/users/AdminConsoleUsers.tsx(552,43): error TS7006: Parameter 'permission' implicitly has an 'any' type.
src/components/users/UserManagement.tsx(25,24): error TS2305: Module '"../../services/adminService"' has no exported member 'Circle'.
src/components/users/UserManagement.tsx(195,21): error TS2339: Property 'getCircles' does not exist on type 'UserService'.
src/components/users/UserManagement.tsx(388,9): error TS18048: 'user.firstName' is possibly 'undefined'.
src/components/users/UserManagement.tsx(389,9): error TS18048: 'user.lastName' is possibly 'undefined'.
src/components/users/UserManagement.tsx(394,93): error TS2339: Property 'circleId' does not exist on type 'GlobalUser'.
src/components/users/UserManagement.tsx(399,123): error TS2339: Property 'subscriptionTier' does not exist on type 'GlobalUser'.
src/components/users/UserManagement.tsx(486,7): error TS2322: Type 'string | undefined' is not assignable to type 'string'.
  Type 'undefined' is not assignable to type 'string'.
src/components/users/UserManagement.tsx(487,7): error TS2322: Type 'string | undefined' is not assignable to type 'string'.
  Type 'undefined' is not assignable to type 'string'.
src/components/users/UserManagement.tsx(489,19): error TS2339: Property 'phone' does not exist on type 'GlobalUser'.
src/components/users/UserManagement.tsx(492,31): error TS2339: Property 'subscriptionTier' does not exist on type 'GlobalUser'.
src/components/users/UserManagement.tsx(493,23): error TS2339: Property 'circleIds' does not exist on type 'GlobalUser'.
src/components/users/UserManagement.tsx(507,22): error TS2339: Property 'circleId' does not exist on type 'GlobalUser'.
src/components/users/UserManagement.tsx(508,7): error TS2322: Type 'string[] | undefined' is not assignable to type 'string[]'.
  Type 'undefined' is not assignable to type 'string[]'.
src/components/users/UserManagement.tsx(855,123): error TS2339: Property 'subscriptionTier' does not exist on type 'GlobalUser'.
src/components/users/UserManagement.tsx(998,31): error TS2339: Property 'phone' does not exist on type 'GlobalUser'.
src/components/users/UserManagement.tsx(1001,35): error TS2339: Property 'phone' does not exist on type 'GlobalUser'.
src/components/users/UserManagement.tsx(1015,35): error TS2339: Property 'subscriptionTier' does not exist on type 'GlobalUser'.
src/components/users/UserManagement.tsx(1056,29): error TS2339: Property 'circles' does not exist on type 'GlobalUser'.
src/components/users/UserManagement.tsx(1056,45): error TS2339: Property 'circles' does not exist on type 'GlobalUser'.
src/components/users/UserManagement.tsx(1059,33): error TS2339: Property 'circles' does not exist on type 'GlobalUser'.
src/components/users/UserManagement.tsx(1079,42): error TS2339: Property 'impersonateUser' does not exist on type 'AdminService'.
src/contexts/AppContext.tsx(89,35): error TS2339: Property 'applications' does not exist on type 'Application[]'.
