src/app/(admin)/collections/[slug]/page.tsx(71,44): error TS2339: Property 'data' does not exist on type 'never'.
src/app/(admin)/collections/[slug]/page.tsx(72,30): error TS2339: Property 'data' does not exist on type 'never'.
src/app/(admin)/engagement/page.tsx(42,33): error TS2551: Property 'upsertApplicationSetting' does not exist on type 'AdminService'. Did you mean 'getApplicationSettings'?
src/app/(admin)/identity/analytics/page.tsx(284,44): error TS2339: Property 'topLocations' does not exist on type 'UserAnalytics'.
src/app/(admin)/identity/analytics/page.tsx(284,70): error TS2339: Property 'topLocations' does not exist on type 'UserAnalytics'.
src/app/(admin)/identity/analytics/page.tsx(286,52): error TS2339: Property 'topLocations' does not exist on type 'UserAnalytics'.
src/app/(admin)/identity/analytics/page.tsx(286,82): error TS7006: Parameter 'loc' implicitly has an 'any' type.
src/app/(admin)/identity/analytics/page.tsx(286,87): error TS7006: Parameter 'idx' implicitly has an 'any' type.
src/app/(admin)/identity/authentication/page.tsx(118,32): error TS2551: Property 'upsertApplicationSetting' does not exist on type 'AdminService'. Did you mean 'getApplicationSettings'?
src/app/(admin)/identity/communication/page.tsx(82,26): error TS2551: Property 'upsertApplicationSetting' does not exist on type 'AdminService'. Did you mean 'getApplicationSettings'?
src/app/(admin)/identity/groups/page.tsx(151,45): error TS2339: Property 'getGlobalUsers' does not exist on type 'UserService'.
src/app/(admin)/identity/groups/page.tsx(152,43): error TS7006: Parameter 'u' implicitly has an 'any' type.
src/app/(admin)/identity/groups/page.tsx(159,46): error TS7006: Parameter 'u' implicitly has an 'any' type.
src/app/(admin)/identity/sessions/page.tsx(271,60): error TS2339: Property 'socialProvider' does not exist on type 'LoginHistoryEntry'.
src/app/(admin)/identity/sessions/page.tsx(271,89): error TS2339: Property 'socialProvider' does not exist on type 'LoginHistoryEntry'.
src/app/(admin)/navigation/page.tsx(60,32): error TS2551: Property 'upsertApplicationSetting' does not exist on type 'AdminService'. Did you mean 'getApplicationSettings'?
src/app/(admin)/settings/admin-users/page.tsx(53,23): error TS2345: Argument of type '{ users: AdminUser[]; pagination: any; }' is not assignable to parameter of type 'SetStateAction<AdminUser[]>'.
src/app/(admin)/settings/applications/[id]/page.tsx(35,38): error TS2339: Property 'applications' does not exist on type 'Application[]'.
src/app/(admin)/settings/applications/[id]/page.tsx(39,33): error TS2339: Property 'versions' does not exist on type 'any[]'.
src/app/(admin)/settings/applications/[id]/page.tsx(54,32): error TS2554: Expected 2 arguments, but got 1.
src/app/(admin)/settings/roles/page.tsx(103,46): error TS2339: Property 'permission_details' does not exist on type 'RoleWithPermissions'.
src/app/(admin)/settings/roles/page.tsx(103,70): error TS7006: Parameter 'p' implicitly has an 'any' type.
src/app/(admin)/settings/roles/page.tsx(104,36): error TS2345: Argument of type 'Set<unknown>' is not assignable to parameter of type 'SetStateAction<Set<string>>'.
  Type 'Set<unknown>' is not assignable to type 'Set<string>'.
    Type 'unknown' is not assignable to type 'string'.
src/app/(admin)/settings/roles/page.tsx(123,28): error TS2339: Property 'priority' does not exist on type 'RoleWithPermissions'.
src/app/(admin)/settings/roles/page.tsx(125,45): error TS2339: Property 'permission_details' does not exist on type 'RoleWithPermissions'.
src/app/(admin)/settings/roles/page.tsx(125,69): error TS7006: Parameter 'p' implicitly has an 'any' type.
src/app/(admin)/settings/roles/page.tsx(176,19): error TS2339: Property 'user_count' does not exist on type 'Role'.
src/app/(admin)/settings/roles/page.tsx(301,63): error TS2339: Property 'permission_count' does not exist on type 'Role'.
src/app/(admin)/settings/roles/page.tsx(301,106): error TS2339: Property 'user_count' does not exist on type 'Role'.
src/app/(admin)/settings/roles/page.tsx(359,105): error TS2339: Property 'permission_count' does not exist on type 'RoleWithPermissions'.
src/app/(admin)/settings/roles/page.tsx(363,105): error TS2339: Property 'user_count' does not exist on type 'RoleWithPermissions'.
src/app/(admin)/settings/roles/page.tsx(367,105): error TS2339: Property 'priority' does not exist on type 'RoleWithPermissions'.
src/app/(admin)/settings/roles/page.tsx(380,58): error TS2339: Property 'permission_details' does not exist on type 'RoleWithPermissions'.
src/app/(admin)/settings/roles/page.tsx(380,83): error TS7006: Parameter 'pd' implicitly has an 'any' type.
src/app/(admin)/settings/roles/page.tsx(395,64): error TS2339: Property 'action' does not exist on type 'Permission'.
src/app/(admin)/settings/roles/page.tsx(540,126): error TS2339: Property 'action' does not exist on type 'Permission'.
src/app/(admin)/settings/roles/page.tsx(541,75): error TS2339: Property 'description' does not exist on type 'Permission'.
src/app/(admin)/settings/roles/page.tsx(542,127): error TS2339: Property 'description' does not exist on type 'Permission'.
src/components/appearance/MiniDevicePreview.tsx(59,22): error TS2304: Cannot find name 'ReactNativeComponentBadge'.
src/components/common/AppearanceManager.tsx(27,38): error TS2307: Cannot find module '../ui/MobileComponentsDemo' or its corresponding type declarations.
src/components/common/AppearanceManager.tsx(399,41): error TS2551: Property 'upsertApplicationSetting' does not exist on type 'AdminService'. Did you mean 'getApplicationSettings'?
src/components/common/AppearanceManager.tsx(452,36): error TS2339: Property 'file' does not exist on type '{ url: string; filename: string; }'.
src/components/common/AppearanceManager.tsx(452,58): error TS2339: Property 'file' does not exist on type '{ url: string; filename: string; }'.
src/components/common/AppearanceManager.tsx(457,30): error TS2339: Property 'file' does not exist on type '{ url: string; filename: string; }'.
src/components/common/AppearanceManager.tsx(752,77): error TS2554: Expected 3 arguments, but got 2.
src/components/common/PagePreferences.tsx(278,35): error TS2551: Property 'upsertApplicationSetting' does not exist on type 'AdminService'. Did you mean 'getApplicationSettings'?
src/components/common/PagePreferences.tsx(314,35): error TS2551: Property 'upsertApplicationSetting' does not exist on type 'AdminService'. Did you mean 'getApplicationSettings'?
src/components/common/Safety.tsx(3,39): error TS2307: Cannot find module '../circles/CircleSafetyIncidents' or its corresponding type declarations.
src/components/identity/UserList.tsx(142,51): error TS2769: No overload matches this call.
  Overload 1 of 4, '(value: string | number | Date): Date', gave the following error.
    Argument of type 'string | undefined' is not assignable to parameter of type 'string | number | Date'.
      Type 'undefined' is not assignable to type 'string | number | Date'.
  Overload 2 of 4, '(value: string | number): Date', gave the following error.
    Argument of type 'string | undefined' is not assignable to parameter of type 'string | number'.
      Type 'undefined' is not assignable to type 'string | number'.
src/components/index.ts(8,15): error TS2307: Cannot find module './circles' or its corresponding type declarations.
src/components/index.ts(12,15): error TS2307: Cannot find module './social' or its corresponding type declarations.
src/components/settings/AdminUserDetailDrawer.tsx(423,104): error TS2339: Property 'permission_count' does not exist on type 'Role'.
src/components/settings/AdminUserDetailDrawer.tsx(474,67): error TS2339: Property 'permission_count' does not exist on type 'Role'.
src/components/settings/PaymentMethodsTab.tsx(53,33): error TS2551: Property 'upsertApplicationSetting' does not exist on type 'AdminService'. Did you mean 'getApplicationSettings'?
src/components/settings/RolesPermissions.tsx(63,130): error TS2339: Property 'action' does not exist on type 'Permission'.
src/components/settings/TeamTab.tsx(25,33): error TS2551: Property 'upsertApplicationSetting' does not exist on type 'AdminService'. Did you mean 'getApplicationSettings'?
src/components/settings/TermsPolicyTab.tsx(42,33): error TS2551: Property 'upsertApplicationSetting' does not exist on type 'AdminService'. Did you mean 'getApplicationSettings'?
src/components/ui/ColorPickerPopover.tsx(546,47): error TS2339: Property 'file' does not exist on type '{ url: string; filename: string; }'.
src/components/ui/ColorPickerPopover.tsx(653,48): error TS2339: Property 'file' does not exist on type '{ url: string; filename: string; }'.
src/components/ui/index.ts(20,29): error TS2307: Cannot find module './BottomSheet' or its corresponding type declarations.
src/components/ui/index.ts(21,38): error TS2307: Cannot find module './FloatingActionButton' or its corresponding type declarations.
src/components/ui/index.ts(23,31): error TS2307: Cannot find module './PullToRefresh' or its corresponding type declarations.
src/components/ui/index.ts(24,35): error TS2307: Cannot find module './SwipeableListItem' or its corresponding type declarations.
src/components/ui/index.ts(25,29): error TS2307: Cannot find module './ActionSheet' or its corresponding type declarations.
src/components/ui/index.ts(31,24): error TS2307: Cannot find module './Tabbar' or its corresponding type declarations.
