src/controllers/AuthController.ts(332,27): error TS2339: Property 'circle_name' does not exist on type 'TokenPayload'.
src/routes/calendar.ts(4,29): error TS2724: '"../middleware/auth"' has no exported member named 'requirecircleMember'. Did you mean 'requireCircleMember'?
src/routes/chat.ts(2,29): error TS2724: '"../middleware/auth"' has no exported member named 'requirecircleMember'. Did you mean 'requireCircleMember'?
src/routes/location.ts(3,29): error TS2724: '"../middleware/auth"' has no exported member named 'requirecircleMember'. Did you mean 'requireCircleMember'?
src/routes/location.ts(3,50): error TS2724: '"../middleware/auth"' has no exported member named 'optionalcircleMember'. Did you mean 'optionalCircleMember'?
src/routes/notes.ts(2,29): error TS2724: '"../middleware/auth"' has no exported member named 'requirecircleMember'. Did you mean 'requireCircleMember'?
src/routes/safety.ts(3,29): error TS2724: '"../middleware/auth"' has no exported member named 'requirecircleMember'. Did you mean 'requireCircleMember'?
src/routes/safety.ts(3,50): error TS2724: '"../middleware/auth"' has no exported member named 'optionalcircleMember'. Did you mean 'optionalCircleMember'?
src/routes/storage.ts(4,29): error TS2724: '"../middleware/auth"' has no exported member named 'requirecircleMember'. Did you mean 'requireCircleMember'?
src/routes/todos.ts(2,29): error TS2724: '"../middleware/auth"' has no exported member named 'requirecircleMember'. Did you mean 'requireCircleMember'?
src/routes/userLocations.ts(8,12): error TS2769: No overload matches this call.
  The last overload gave the following error.
    Argument of type '(req: AuthenticatedRequest, res: Response, next: NextFunction) => Promise<void | Response<any, Record<string, any>>>' is not assignable to parameter of type 'PathParams'.
